<?xml version="1.0" encoding="UTF-8"?>
<!-- Generated by org.testng.reporters.JUnitReportReporter -->
<testsuite hostname="DESKTOP-2H8127M" failures="0" tests="3" name="test.test_priority" time="0.029" errors="0" timestamp="2022-07-19T22:50:59 IST" skipped="0">
  <testcase classname="test.test_priority" name="testC" time="0.005"/>
  <system-out/>
  <testcase classname="test.test_priority" name="testA" time="0.010"/>
  <system-out/>
  <testcase classname="test.test_priority" name="testB" time="0.014"/>
  <system-out/>
</testsuite> <!-- test.test_priority -->
