<?xml version="1.0" encoding="UTF-8"?>
<!-- Generated by org.testng.reporters.JUnitReportReporter -->
<testsuite hostname="DESKTOP-2H8127M" failures="0" tests="1" name="test.testNG" time="0.044" errors="0" timestamp="2022-07-21T07:54:30 IST" skipped="0">
  <testcase classname="test.testNG" name="test" time="0.044"/>
  <system-out/>
</testsuite> <!-- test.testNG -->
